android/plugin/build/outputs/mapping/release/configuration.txt
# The proguard configuration file for the following section is intermediates/proguard-files/proguard-android-optimize.txt-4.1.3
# This is a configuration file for ProGuard.
# http://proguard.sourceforge.net/index.html#manual/usage.html
#
# Starting with version 2.2 of the Android plugin for Gradle, this file is distributed together with
# the plugin and unpacked at build-time. The files in $ANDROID_HOME are no longer maintained and
# will be ignored by new version of the Android plugin for Gradle.

# Optimizations: If you don't want to optimize, use the proguard-android.txt configuration file
# instead of this one, which turns off the optimization flags.
# Adding optimization introduces certain risks, since for example not all optimizations performed by
# ProGuard works on all versions of Dalvik.  The following flags turn off various optimizations
# known to have issues, but the list may not be complete or up to date. (The "arithmetic"
# optimization can be used if you are only targeting Android 2.0 or later.)  Make sure you test
# thoroughly if you go this route.
-optimizations !code/simplification/arithmetic,!code/simplification/cast,!field/*,!class/merging/*
-optimizationpasses 5
-allowaccessmodification

-dontusemixedcaseclassnames
-dontskipnonpubliclibraryclasses
-verbose

# Preserve some attributes that may be required for reflection.
-keepattributes *Annotation*,Signature,InnerClasses,EnclosingMethod

-keep public class com.google.vending.licensing.ILicensingService
-keep public class com.android.vending.licensing.ILicensingService
-keep public class com.google.android.vending.licensing.ILicensingService
-dontnote com.android.vending.licensing.ILicensingService
-dontnote com.google.vending.licensing.ILicensingService
-dontnote com.google.android.vending.licensing.ILicensingService

# For native methods, see http://proguard.sourceforge.net/manual/examples.html#native
-keepclasseswithmembernames,includedescriptorclasses class * {
    native <methods>;
}

# Keep setters in Views so that animations can still work.
-keepclassmembers public class * extends android.view.View {
    void set*(***);
    *** get*();
}

# We want to keep methods in Activity that could be used in the XML attribute onClick.
-keepclassmembers class * extends android.app.Activity {
    public void *(android.view.View);
}

# For enumeration classes, see http://proguard.sourceforge.net/manual/examples.html#enumerations
-keepclassmembers enum * {
    public static **[] values();
    public static ** valueOf(java.lang.String);
}

-keepclassmembers class * implements android.os.Parcelable {
    public static final ** CREATOR;
}

# Preserve annotated Javascript interface methods.
-keepclassmembers class * {
    @android.webkit.JavascriptInterface <methods>;
}

# The support libraries contains references to newer platform versions.
# Don't warn about those in case this app is linking against an older
# platform version. We know about them, and they are safe.
-dontnote android.support.**
-dontnote androidx.**
-dontwarn android.support.**
-dontwarn androidx.**

# This class is deprecated, but remains for backward compatibility.
-dontwarn android.util.FloatMath

# Understand the @Keep support annotation.
-keep class android.support.annotation.Keep
-keep class androidx.annotation.Keep

-keep @android.support.annotation.Keep class * {*;}
-keep @androidx.annotation.Keep class * {*;}

-keepclasseswithmembers class * {
    @android.support.annotation.Keep <methods>;
}

-keepclasseswithmembers class * {
    @androidx.annotation.Keep <methods>;
}

-keepclasseswithmembers class * {
    @android.support.annotation.Keep <fields>;
}

-keepclasseswithmembers class * {
    @androidx.annotation.Keep <fields>;
}

-keepclasseswithmembers class * {
    @android.support.annotation.Keep <init>(...);
}

-keepclasseswithmembers class * {
    @androidx.annotation.Keep <init>(...);
}

# These classes are duplicated between android.jar and org.apache.http.legacy.jar.
-dontnote org.apache.http.**
-dontnote android.net.http.**

# These classes are duplicated between android.jar and core-lambda-stubs.jar.
-dontnote java.lang.invoke.**

# End of content from intermediates/proguard-files/proguard-android-optimize.txt-4.1.3
# The proguard configuration file for the following section is android/plugin/proguard-rules.pro
-printconfiguration build/outputs/fullProguardConfig.pro

-dontshrink





# End of content from android/plugin/proguard-rules.pro
# The proguard configuration file for the following section is aapt_proguard_file/release/aapt_rules.txt
# Generated by the gradle plugin
-keep class com.donut.wxed34e654870cba42.PluginIntentService { <init>(...); }
-keep class com.donut.wxed34e654870cba42.PluginPushService { <init>(...); }
-keep class com.getui.gtc.GtcService { <init>(...); }
-keep class com.getui.gtc.base.GtcProvider { <init>(...); }
-keep class com.igexin.sdk.GService { <init>(...); }
-keep class com.igexin.sdk.GTIntentService { <init>(...); }
-keep class com.igexin.sdk.GetuiActivity { <init>(...); }
-keep class com.igexin.sdk.PopupActivity { <init>(...); }
-keep class com.igexin.sdk.PushService { <init>(...); }

# End of content from aapt_proguard_file/release/aapt_rules.txt
# The proguard configuration file for the following section is generated_proguard_file/release/proguard.txt

-keep class com.getui.gtc.** {*;}
#不要添加以下注释[当内置了GBD或GWS时,keep GBD/GWS]在官网版本，否则个推主包在依赖此GTC打包时会无法混淆
#-keep class com.igexin.** {*;}
#-keep class igexin.** {*;}

-keepattributes Signature, InnerClasses, EnclosingMethod, Exceptions, *Annotation*
-keep class com.getui.gtc.dyc.** {*;}


-keepattributes Signature, InnerClasses, EnclosingMethod, Exceptions, *Annotation*
-keep class com.getui.gtc.dim.** {*;}

-keepattributes Signature, InnerClasses, EnclosingMethod, Exceptions, *Annotation*
-keep class com.getui.gtc.base.** {*;}
-keep class com.igexin.base.** {*;}


-keepattributes Signature, InnerClasses, EnclosingMethod, Exceptions, *Annotation*
-keep class com.getui.gtc.dyc.** {*;}


-keepattributes Signature, InnerClasses, EnclosingMethod, Exceptions, *Annotation*
-keep class com.getui.gtc.dim.** {*;}

-keepattributes Signature, InnerClasses, EnclosingMethod, Exceptions, *Annotation*
-keep class com.getui.gtc.base.** {*;}
-keep class com.igexin.base.** {*;}


# Add project specific ProGuard rules here.
# By default, the flags in this file are appended to flags specified
# in /Users/keith/Library/Android/sdk/tools/proguard/proguard-android.txt
# You can edit the include path and order by changing the proguardFiles
# directive in build.gradle.
#
# For more details, see
#   http://developer.android.com/guide/developing/tools/proguard.html

# Add any project specific keep options here:

# If your project uses WebView with JS, uncomment the following
# and specify the fully qualified class name to the JavaScript interface
# class:
#-keepclassmembers class fqcn.of.javascript.interface.for.webview {
#   public *;
#}

#个推
-dontwarn com.igexin.**
-dontwarn com.huawei.hms.**
-dontwarn com.meizu.**
-dontwarn com.xiaomi.push.**

-keep class com.igexin.** { *; }
-keep class org.json.** { *; }
-keep class com.huawei.hms.** { *; }
-keep class com.meizu.** { *; }
-keep class com.xiaomi.** { *; }
-keep class org.apache.thrift.** { *; }

# End of content from generated_proguard_file/release/proguard.txt
# The proguard configuration file for the following section is 24252e9d32bfb7bbe2fc4ae1320ad0ca/material-1.0.0/proguard.txt
# Copyright (C) 2015 The Android Open Source Project
#
# Licensed under the Apache License, Version 2.0 (the "License");
# you may not use this file except in compliance with the License.
# You may obtain a copy of the License at
#
#      http://www.apache.org/licenses/LICENSE-2.0
#
# Unless required by applicable law or agreed to in writing, software
# distributed under the License is distributed on an "AS IS" BASIS,
# WITHOUT WARRANTIES OR CONDITIONS OF ANY KIND, either express or implied.
# See the License for the specific language governing permissions and
# limitations under the License.

# CoordinatorLayout resolves the behaviors of its child components with reflection.
-keep public class * extends androidx.coordinatorlayout.widget.CoordinatorLayout$Behavior {
    public <init>(android.content.Context, android.util.AttributeSet);
    public <init>();
}

# Make sure we keep annotations for CoordinatorLayout's DefaultBehavior
-keepattributes *Annotation*

# End of content from 24252e9d32bfb7bbe2fc4ae1320ad0ca/material-1.0.0/proguard.txt
# The proguard configuration file for the following section is d37116f996a98f4be2a59256b515c2fa/appcompat-1.0.0/proguard.txt
# Copyright (C) 2018 The Android Open Source Project
#
# Licensed under the Apache License, Version 2.0 (the "License");
# you may not use this file except in compliance with the License.
# You may obtain a copy of the License at
#
#      http://www.apache.org/licenses/LICENSE-2.0
#
# Unless required by applicable law or agreed to in writing, software
# distributed under the License is distributed on an "AS IS" BASIS,
# WITHOUT WARRANTIES OR CONDITIONS OF ANY KIND, either express or implied.
# See the License for the specific language governing permissions and
# limitations under the License.

# Ensure that reflectively-loaded inflater is not obfuscated. This can be
# removed when we stop supporting AAPT1 builds.
-keepnames class androidx.appcompat.app.AppCompatViewInflater

# aapt is not able to read app::actionViewClass and app:actionProviderClass to produce proguard
# keep rules. Add a commonly used SearchView to the keep list until b/109831488 is resolved.
-keep class androidx.appcompat.widget.SearchView { <init>(...); }
# End of content from d37116f996a98f4be2a59256b515c2fa/appcompat-1.0.0/proguard.txt
# The proguard configuration file for the following section is 95ca15ec93309cc9cc950afc1dc3a51c/recyclerview-1.0.0/proguard.txt
# Copyright (C) 2015 The Android Open Source Project
#
# Licensed under the Apache License, Version 2.0 (the "License");
# you may not use this file except in compliance with the License.
# You may obtain a copy of the License at
#
#      http://www.apache.org/licenses/LICENSE-2.0
#
# Unless required by applicable law or agreed to in writing, software
# distributed under the License is distributed on an "AS IS" BASIS,
# WITHOUT WARRANTIES OR CONDITIONS OF ANY KIND, either express or implied.
# See the License for the specific language governing permissions and
# limitations under the License.

# When layoutManager xml attribute is used, RecyclerView inflates
#LayoutManagers' constructors using reflection.
-keep public class * extends androidx.recyclerview.widget.RecyclerView$LayoutManager {
    public <init>(android.content.Context, android.util.AttributeSet, int, int);
    public <init>();
}

# End of content from 95ca15ec93309cc9cc950afc1dc3a51c/recyclerview-1.0.0/proguard.txt
# The proguard configuration file for the following section is dc421bcf41a01193e53cc2504ee980f1/vectordrawable-animated-1.0.0/proguard.txt
# Copyright (C) 2016 The Android Open Source Project
#
# Licensed under the Apache License, Version 2.0 (the "License");
# you may not use this file except in compliance with the License.
# You may obtain a copy of the License at
#
#      http://www.apache.org/licenses/LICENSE-2.0
#
# Unless required by applicable law or agreed to in writing, software
# distributed under the License is distributed on an "AS IS" BASIS,
# WITHOUT WARRANTIES OR CONDITIONS OF ANY KIND, either express or implied.
# See the License for the specific language governing permissions and
# limitations under the License.

# keep setters in VectorDrawables so that animations can still work.
-keepclassmembers class androidx.vectordrawable.graphics.drawable.VectorDrawableCompat$* {
   void set*(***);
   *** get*();
}

# End of content from dc421bcf41a01193e53cc2504ee980f1/vectordrawable-animated-1.0.0/proguard.txt
# The proguard configuration file for the following section is 971baffc4a75353005e06f53e84ef35d/transition-1.0.0/proguard.txt
# Copyright (C) 2017 The Android Open Source Project
#
# Licensed under the Apache License, Version 2.0 (the "License");
# you may not use this file except in compliance with the License.
# You may obtain a copy of the License at
#
#      http://www.apache.org/licenses/LICENSE-2.0
#
# Unless required by applicable law or agreed to in writing, software
# distributed under the License is distributed on an "AS IS" BASIS,
# WITHOUT WARRANTIES OR CONDITIONS OF ANY KIND, either express or implied.
# See the License for the specific language governing permissions and
# limitations under the License.

# Keep a field in transition that is used to keep a reference to weakly-referenced object
-keepclassmembers class androidx.transition.ChangeBounds$* extends android.animation.AnimatorListenerAdapter {
  androidx.transition.ChangeBounds$ViewBounds mViewBounds;
}

# End of content from 971baffc4a75353005e06f53e84ef35d/transition-1.0.0/proguard.txt
# The proguard configuration file for the following section is 5795b53fd7da81afcd5019f1bd020468/coordinatorlayout-1.0.0/proguard.txt
# Copyright (C) 2016 The Android Open Source Project
#
# Licensed under the Apache License, Version 2.0 (the "License");
# you may not use this file except in compliance with the License.
# You may obtain a copy of the License at
#
#      http://www.apache.org/licenses/LICENSE-2.0
#
# Unless required by applicable law or agreed to in writing, software
# distributed under the License is distributed on an "AS IS" BASIS,
# WITHOUT WARRANTIES OR CONDITIONS OF ANY KIND, either express or implied.
# See the License for the specific language governing permissions and
# limitations under the License.

# CoordinatorLayout resolves the behaviors of its child components with reflection.
-keep public class * extends androidx.coordinatorlayout.widget.CoordinatorLayout$Behavior {
    public <init>(android.content.Context, android.util.AttributeSet);
    public <init>();
}

# Make sure we keep annotations for CoordinatorLayout's DefaultBehavior and ViewPager's DecorView
-keepattributes *Annotation*

# End of content from 5795b53fd7da81afcd5019f1bd020468/coordinatorlayout-1.0.0/proguard.txt
# The proguard configuration file for the following section is d47816087778382cf46e6d3905c4d0d7/core-1.0.0/proguard.txt
# aapt2 is not (yet) keeping FQCNs defined in the appComponentFactory <application> attribute
-keep class androidx.core.app.CoreComponentFactory

# End of content from d47816087778382cf46e6d3905c4d0d7/core-1.0.0/proguard.txt
# The proguard configuration file for the following section is a5f277ca267cff3e919b5a7b2b708c42/versionedparcelable-1.0.0/proguard.txt
-keep public class * extends androidx.versionedparcelable.VersionedParcelable
-keep public class android.support.**Parcelizer { *; }
-keep public class androidx.**Parcelizer { *; }
-keep public class androidx.versionedparcelable.ParcelImpl

# End of content from a5f277ca267cff3e919b5a7b2b708c42/versionedparcelable-1.0.0/proguard.txt
# The proguard configuration file for the following section is 2dd9db07d8272179a7ee6aa0ed0fbd8f/lifecycle-runtime-2.0.0/proguard.txt
-keepattributes *Annotation*

-keepclassmembers enum androidx.lifecycle.Lifecycle$Event {
    <fields>;
}

-keep !interface * implements androidx.lifecycle.LifecycleObserver {
}

-keep class * implements androidx.lifecycle.GeneratedAdapter {
    <init>(...);
}

-keepclassmembers class ** {
    @androidx.lifecycle.OnLifecycleEvent *;
}
# End of content from 2dd9db07d8272179a7ee6aa0ed0fbd8f/lifecycle-runtime-2.0.0/proguard.txt
# The proguard configuration file for the following section is 68d35232f08b20c612457f6eb40beffa/lifecycle-viewmodel-2.0.0/proguard.txt
-keepclassmembers,allowobfuscation class * extends androidx.lifecycle.ViewModel {
    <init>();
}

-keepclassmembers,allowobfuscation class * extends androidx.lifecycle.AndroidViewModel {
    <init>(android.app.Application);
}

# End of content from 68d35232f08b20c612457f6eb40beffa/lifecycle-viewmodel-2.0.0/proguard.txt
# The proguard configuration file for the following section is META-INF/proguard/androidx-annotations.pro
-keep,allowobfuscation @interface androidx.annotation.Keep
-keep @androidx.annotation.Keep class * {*;}

-keepclasseswithmembers class * {
    @androidx.annotation.Keep <methods>;
}

-keepclasseswithmembers class * {
    @androidx.annotation.Keep <fields>;
}

-keepclasseswithmembers class * {
    @androidx.annotation.Keep <init>(...);
}

# End of content from META-INF/proguard/androidx-annotations.pro
# The proguard configuration file for the following section is <unknown>
-ignorewarnings
-keep class **.R
-keep class **.R$* {*;}
# End of content from <unknown>