android/plugin/build/outputs/mapping/release/seeds.txt
com.donut.wxed34e654870cba42.PluginIntentService$Companion: void setMainProcessTask(MainProcessTask)
com.donut.wxed34e654870cba42.PushNativePluginApplication$onCreate$1: PushNativePluginApplication$onCreate$1(com.donut.wxed34e654870cba42.PushNativePluginApplication)
com.donut.wxed34e654870cba42.PushNativePluginApplication$onCreate$1: void onActivityResumed(android.app.Activity)
com.donut.wxed34e654870cba42.PluginIntentService$Companion: PluginIntentService$Companion()
com.donut.wxed34e654870cba42.PluginIntentService: PluginIntentService()
com.donut.wxed34e654870cba42.PushNativePluginApplication$onCreate$1: void onActivityCreated(android.app.Activity,android.os.Bundle)
com.donut.wxed34e654870cba42.PluginIntentService: void processOnHandleIntent(android.content.Context,android.content.Intent)
com.donut.wxed34e654870cba42.PluginManager: java.lang.String access$getTAG$p(com.donut.wxed34e654870cba42.PluginManager)
com.donut.wxed34e654870cba42.PluginIntentService: MainProcessTask mainProcessTask
com.donut.wxed34e654870cba42.PushNativePluginApplication$onCreate$1: void onActivityDestroyed(android.app.Activity)
com.donut.wxed34e654870cba42.PluginManager: void setDebugLogger(com.igexin.sdk.IUserLoggerInterface,android.app.Activity)
com.donut.wxed34e654870cba42.PluginManager: void setTag(org.json.JSONObject,android.app.Activity)
com.donut.wxed34e654870cba42.PushNativePluginApplication: void onCreate(android.app.Application)
com.donut.wxed34e654870cba42.PluginManager$1: com.donut.wxed34e654870cba42.PluginManager this$0
com.donut.wxed34e654870cba42.PushNativePluginApplication$onCreate$1: com.donut.wxed34e654870cba42.PushNativePluginApplication this$0
com.donut.wxed34e654870cba42.PluginManager$setTag$1: PluginManager$setTag$1(java.util.List)
com.donut.wxed34e654870cba42.PluginManager: void setHeartbeatInterval(org.json.JSONObject,android.app.Activity)
com.donut.wxed34e654870cba42.BuildConfig: boolean DEBUG
com.donut.wxed34e654870cba42.PluginManager: java.lang.String getPluginID()
com.donut.wxed34e654870cba42.PluginManager: java.util.Map toMap(java.lang.Object)
com.donut.wxed34e654870cba42.PushNativePluginApplication: PushNativePluginApplication()
com.donut.wxed34e654870cba42.BuildConfig: java.lang.String PLUGIN_ID
com.donut.wxed34e654870cba42.PluginManager: java.lang.String getVersion(org.json.JSONObject,android.app.Activity)
com.donut.wxed34e654870cba42.PluginManager$setTag$1
com.donut.wxed34e654870cba42.PluginManager$setTag$1: void invoke(java.lang.String)
com.donut.wxed34e654870cba42.PushNativePluginApplication$onCreate$1: void onActivitySaveInstanceState(android.app.Activity,android.os.Bundle)
com.donut.wxed34e654870cba42.PushNativePluginApplication$onCreate$1: void onActivityPaused(android.app.Activity)
com.donut.wxed34e654870cba42.PluginManager: boolean isPushTurnedOn(org.json.JSONObject,android.app.Activity)
com.donut.wxed34e654870cba42.PluginPushService
com.donut.wxed34e654870cba42.PluginManager$1: void invoke(android.content.Intent)
com.donut.wxed34e654870cba42.PluginIntentService: <clinit>()
com.donut.wxed34e654870cba42.PushNativePluginApplication$onCreate$1: void onActivityStopped(android.app.Activity)
com.donut.wxed34e654870cba42.PushNativePluginApplication: java.lang.String access$getTAG$p(com.donut.wxed34e654870cba42.PushNativePluginApplication)
com.donut.wxed34e654870cba42.BuildConfig: java.lang.String LIBRARY_PACKAGE_NAME
com.donut.wxed34e654870cba42.PushNativePluginApplication$onCreate$1: void onActivityStarted(android.app.Activity)
com.donut.wxed34e654870cba42.PluginManager: void access$sendMiniPluginEvent(com.donut.wxed34e654870cba42.PluginManager,java.util.HashMap)
com.donut.wxed34e654870cba42.PluginManager$setTag$1: java.util.List $array
com.donut.wxed34e654870cba42.PluginManager: java.lang.String TAG
com.donut.wxed34e654870cba42.PluginIntentService: PluginIntentService(android.os.Parcel)
com.donut.wxed34e654870cba42.BuildConfig: BuildConfig()
com.donut.wxed34e654870cba42.PluginManager: PluginManager()
...
com.igexin.push.core.a.b.f: f()
com.getui.gtc.base.http.Headers: java.util.List values(java.lang.String)
com.igexin.c.a.d.a.d$a: int f
com.igexin.push.core.e
com.igexin.push.core.d.f$a: f$a()
com.getui.gtc.dim.b.c: java.util.Map a
com.igexin.push.c.e: com.igexin.push.c.i b(com.igexin.push.c.e)
com.igexin.push.core.e.d: java.lang.Object b(java.lang.String,java.lang.Object)
com.igexin.push.f.g: void a(long)
com.igexin.push.g.c: boolean a(java.lang.String)
com.igexin.assist.sdk.a: com.igexin.assist.sdk.a a()
com.getui.gtc.dim.c.d$k: boolean a
com.getui.gtc.base.crypt.SecureCryptTools: byte[] decrypt(byte[])
com.igexin.push.config.i: i()
com.igexin.push.core.b.m: java.lang.String e()
com.getui.gtc.base.http.Response$Builder: Response$Builder()
com.igexin.push.core.b.b: long d
com.igexin.a.a
com.igexin.push.core.b.x
com.igexin.sdk.main.PushCoreLoader: <clinit>()
com.igexin.push.core.f.a: void a(android.content.Intent)
com.getui.gtc.dim.e.c: byte[] a(java.io.Serializable)
com.igexin.push.core.e.d: org.json.JSONObject c()
com.igexin.push.a.e$2
com.igexin.push.core.i.a.d: int c
com.getui.gtc.dim.d.c$1: java.lang.Object createFromParcel(android.os.Parcel)
com.igexin.push.a.g$1: void a(java.lang.Object)
com.igexin.push.core.d.d: java.lang.String a
com.igexin.push.core.d.f: f(com.igexin.push.core.d.f$a)
com.igexin.push.core.e.f: void h()
com.igexin.push.g.f$a: java.lang.String O
com.igexin.push.config.d: boolean T
com.igexin.push.core.b.y: java.lang.String b()
com.getui.gtc.server.ServerManager$1$1
com.igexin.push.b.a: void e()
com.igexin.push.core.stub.GtcCore$1: GtcCore$1(com.igexin.push.core.stub.GtcCore,long,java.util.concurrent.atomic.AtomicInteger)
com.igexin.sdk.PushManager: boolean setAdvertisingIdInterval(android.content.Context,long)
com.igexin.push.core.b.l: java.lang.String r()
com.igexin.push.a.g: int a(com.igexin.push.core.b.m$b)
com.getui.gtc.dyc.g$c: void a(java.lang.Throwable)
com.igexin.push.core.m: void a(int)
com.igexin.push.b.d: void e()
com.igexin.push.core.b.w: void c(java.lang.String)
com.igexin.push.core.a.b.e: boolean a(java.lang.Object,org.json.JSONObject)
com.igexin.push.core.e.f$33: void a_()
com.getui.gtc.e.a: java.lang.String createSql()
com.getui.gtc.g.c$2: void a(boolean)
com.igexin.c.a.d.g$a: boolean b(com.igexin.c.a.d.f)
com.igexin.c.a.b.a.a.d: com.igexin.c.a.b.a.a.b d
com.igexin.assist.sdk.AssistPushManager$a: com.igexin.assist.sdk.AssistPushManager a()
com.igexin.push.core.e.e: java.lang.String b
com.igexin.push.core.e: boolean az
com.getui.gtc.b.b$1: java.lang.String b
com.getui.gtc.base.db.AbstractDb: android.database.sqlite.SQLiteOpenHelper getHelper()
com.igexin.push.core.d$1: com.igexin.push.core.d a
com.igexin.push.g.g: byte[] i
com.igexin.push.core.b.y: java.lang.String d()
com.igexin.push.c.j: void a(int,com.igexin.push.c.d)
com.igexin.c.a.b.e: byte[] f
com.igexin.sdk.message.GTPopupMessage: java.lang.String elementType
com.igexin.push.core.b: java.lang.String g
com.igexin.push.d.c.c: void a(byte[])
com.igexin.c.a.d.d: void b()
com.igexin.c.a.d.f: void z()
com.igexin.push.core.e.e: void a(android.database.sqlite.SQLiteDatabase)
com.igexin.push.c.a: java.util.Comparator k
com.getui.gtc.server.ServerManager$1$1: void a(java.lang.String)
com.igexin.push.core.i.a.n: android.graphics.Bitmap$Config G
com.getui.gtc.server.ServerManager: void parseServerProperties(java.lang.String,java.util.Map)
com.igexin.push.core.e.d: void a(java.lang.String,org.json.JSONObject)
com.getui.gtc.dim.c.d$b: java.lang.String g
com.igexin.push.g.f$a: java.lang.String D
com.getui.gtc.h.e: void a(java.lang.String,java.lang.String,com.getui.gtc.h.e$a)
com.igexin.push.core.h.e
com.igexin.push.core.b.m$b: java.lang.String v
com.igexin.push.core.a.b.k: k()
com.igexin.b.a$3$1: a$3$1(com.igexin.b.a$3)
com.getui.gtc.e.d: java.lang.String b
com.igexin.push.core.a.c.h$a: int a()
com.getui.gtc.dim.c.a: java.lang.String k(android.content.Context)
com.igexin.push.d.c.e: int p
com.getui.gtc.dyc.f